Copyright 1986-2018 Xilinx, Inc. All Rights Reserved.
------------------------------------------------------------------------------------
| Tool Version : Vivado v.2018.3 (lin64) Build 2405991 Thu Dec  6 23:36:41 MST 2018
| Date         : Mon Nov 11 02:09:13 2019
| Host         : MasterYao running 64-bit Ubuntu 18.04.3 LTS
| Command      : upgrade_ip
| Device       : xc7z020clg400-1
------------------------------------------------------------------------------------

Upgrade Log for IP 'design_1_calculator_0_0'

1. Summary
----------

SUCCESS in the conversion of design_1_calculator_0_0 (user.org:user:calculator:1.0 (Rev. 2)) to Vivado generation flows.






Copyright 1986-2018 Xilinx, Inc. All Rights Reserved.
------------------------------------------------------------------------------------
| Tool Version : Vivado v.2018.3 (lin64) Build 2405991 Thu Dec  6 23:36:41 MST 2018
| Date         : Mon Nov 11 02:02:31 2019
| Host         : MasterYao running 64-bit Ubuntu 18.04.3 LTS
| Command      : upgrade_ip
| Device       : xc7z020clg400-1
------------------------------------------------------------------------------------

Upgrade Log for IP 'design_1_calculator_0_0'

1. Summary
----------

SUCCESS in the conversion of design_1_calculator_0_0 (user.org:user:calculator:1.0 (Rev. 2)) to Vivado generation flows.






Copyright 1986-2018 Xilinx, Inc. All Rights Reserved.
------------------------------------------------------------------------------------
| Tool Version : Vivado v.2018.3 (lin64) Build 2405991 Thu Dec  6 23:36:41 MST 2018
| Date         : Mon Nov 11 01:47:31 2019
| Host         : MasterYao running 64-bit Ubuntu 18.04.3 LTS
| Command      : upgrade_ip
| Device       : xc7z020clg400-1
------------------------------------------------------------------------------------

Upgrade Log for IP 'design_1_calculator_0_0'

1. Summary
----------

SUCCESS in the conversion of design_1_calculator_0_0 (user.org:user:calculator:1.0 (Rev. 2)) to Vivado generation flows.






Copyright 1986-2018 Xilinx, Inc. All Rights Reserved.
------------------------------------------------------------------------------------
| Tool Version : Vivado v.2018.3 (lin64) Build 2405991 Thu Dec  6 23:36:41 MST 2018
| Date         : Sun Nov 10 23:32:40 2019
| Host         : MasterYao running 64-bit Ubuntu 18.04.3 LTS
| Command      : upgrade_ip
| Device       : xc7z020clg400-1
------------------------------------------------------------------------------------

Upgrade Log for IP 'design_1_hash_0_1'

1. Summary
----------

SUCCESS in the conversion of design_1_hash_0_1 (user.org:user:hash:1.0 (Rev. 2)) to Vivado generation flows.






Copyright 1986-2018 Xilinx, Inc. All Rights Reserved.
------------------------------------------------------------------------------------
| Tool Version : Vivado v.2018.3 (lin64) Build 2405991 Thu Dec  6 23:36:41 MST 2018
| Date         : Sun Nov 10 23:25:03 2019
| Host         : MasterYao running 64-bit Ubuntu 18.04.3 LTS
| Command      : upgrade_ip
| Device       : xc7z020clg400-1
------------------------------------------------------------------------------------

Upgrade Log for IP 'design_1_hash_0_1'

1. Summary
----------

SUCCESS in the conversion of design_1_hash_0_1 (user.org:user:hash:1.0 (Rev. 2)) to Vivado generation flows.

