
*** Running vivado
    with args -log design_1_sorting_0_0.vds -m64 -product Vivado -mode batch -messageDb vivado.pb -notrace -source design_1_sorting_0_0.tcl


****** Vivado v2018.3 (64-bit)
  **** SW Build 2405991 on Thu Dec  6 23:36:41 MST 2018
  **** IP Build 2404404 on Fri Dec  7 01:43:56 MST 2018
    ** Copyright 1986-2018 Xilinx, Inc. All Rights Reserved.

source design_1_sorting_0_0.tcl -notrace
INFO: [IP_Flow 19-234] Refreshing IP repositories
WARNING: [IP_Flow 19-3685] Ignored loading user repository '/home/yao/Class/FPGA/IP/lab4/AXI4/AXI4_1.0'. The path is contained within another repository.
INFO: [IP_Flow 19-1700] Loaded user IP repository '/home/yao/Class/FPGA/IP/lab4'.
INFO: [IP_Flow 19-1700] Loaded user IP repository '/home/yao/Class/FPGA/lab5_tmp/2019_FPGA_Design_Group8-master/Lab04'.
INFO: [IP_Flow 19-1700] Loaded user IP repository '/home/yao/Class/FPGA/lab5_tmp/lab4-master'.
INFO: [IP_Flow 19-2313] Loaded Vivado IP repository '/home/yao/Xilinx/Vivado/2018.3/data/ip'.
Command: synth_design -top design_1_sorting_0_0 -part xc7z020clg400-1 -mode out_of_context
Starting synth_design
Attempting to get a license for feature 'Synthesis' and/or device 'xc7z020'
INFO: [Common 17-349] Got license for feature 'Synthesis' and/or device 'xc7z020'
INFO: Launching helper process for spawning children vivado processes
INFO: Helper process launched with PID 17310 
---------------------------------------------------------------------------------
Starting RTL Elaboration : Time (s): cpu = 00:00:02 ; elapsed = 00:00:03 . Memory (MB): peak = 1383.109 ; gain = 27.891 ; free physical = 459 ; free virtual = 4637
---------------------------------------------------------------------------------
INFO: [Synth 8-6157] synthesizing module 'design_1_sorting_0_0' [/home/yao/Class/FPGA/project/lab4/lab4.srcs/sources_1/bd/design_1/ip/design_1_sorting_0_0/synth/design_1_sorting_0_0.v:56]
INFO: [Synth 8-6157] synthesizing module 'sorting_v1_0' [/home/yao/Class/FPGA/project/lab4/lab4.srcs/sources_1/bd/design_1/ipshared/dd2c/hdl/sorting_v1_0.v:4]
	Parameter C_S00_AXI_DATA_WIDTH bound to: 32 - type: integer 
	Parameter C_S00_AXI_ADDR_WIDTH bound to: 4 - type: integer 
INFO: [Synth 8-6157] synthesizing module 'sorting_v1_0_S00_AXI' [/home/yao/Class/FPGA/project/lab4/lab4.srcs/sources_1/bd/design_1/ipshared/dd2c/hdl/sorting_v1_0_S00_AXI.v:4]
	Parameter C_S_AXI_DATA_WIDTH bound to: 32 - type: integer 
	Parameter C_S_AXI_ADDR_WIDTH bound to: 4 - type: integer 
	Parameter ADDR_LSB bound to: 2 - type: integer 
	Parameter OPT_MEM_ADDR_BITS bound to: 1 - type: integer 
INFO: [Synth 8-226] default block is never used [/home/yao/Class/FPGA/project/lab4/lab4.srcs/sources_1/bd/design_1/ipshared/dd2c/hdl/sorting_v1_0_S00_AXI.v:231]
INFO: [Synth 8-226] default block is never used [/home/yao/Class/FPGA/project/lab4/lab4.srcs/sources_1/bd/design_1/ipshared/dd2c/hdl/sorting_v1_0_S00_AXI.v:372]
INFO: [Synth 8-6157] synthesizing module 'sort_8' [/home/yao/Class/FPGA/project/lab4/lab4.srcs/sources_1/bd/design_1/ipshared/dd2c/src/sort_8.v:1]
INFO: [Synth 8-6157] synthesizing module 'sort_4' [/home/yao/Class/FPGA/project/lab4/lab4.srcs/sources_1/bd/design_1/ipshared/dd2c/src/sort_4.v:1]
INFO: [Synth 8-6157] synthesizing module 'sort_2' [/home/yao/Class/FPGA/project/lab4/lab4.srcs/sources_1/bd/design_1/ipshared/dd2c/src/sort_2.v:2]
INFO: [Synth 8-6155] done synthesizing module 'sort_2' (1#1) [/home/yao/Class/FPGA/project/lab4/lab4.srcs/sources_1/bd/design_1/ipshared/dd2c/src/sort_2.v:2]
INFO: [Synth 8-6155] done synthesizing module 'sort_4' (2#1) [/home/yao/Class/FPGA/project/lab4/lab4.srcs/sources_1/bd/design_1/ipshared/dd2c/src/sort_4.v:1]
INFO: [Synth 8-6155] done synthesizing module 'sort_8' (3#1) [/home/yao/Class/FPGA/project/lab4/lab4.srcs/sources_1/bd/design_1/ipshared/dd2c/src/sort_8.v:1]
WARNING: [Synth 8-6014] Unused sequential element slv_reg1_reg was removed.  [/home/yao/Class/FPGA/project/lab4/lab4.srcs/sources_1/bd/design_1/ipshared/dd2c/hdl/sorting_v1_0_S00_AXI.v:224]
INFO: [Synth 8-6155] done synthesizing module 'sorting_v1_0_S00_AXI' (4#1) [/home/yao/Class/FPGA/project/lab4/lab4.srcs/sources_1/bd/design_1/ipshared/dd2c/hdl/sorting_v1_0_S00_AXI.v:4]
INFO: [Synth 8-6155] done synthesizing module 'sorting_v1_0' (5#1) [/home/yao/Class/FPGA/project/lab4/lab4.srcs/sources_1/bd/design_1/ipshared/dd2c/hdl/sorting_v1_0.v:4]
INFO: [Synth 8-6155] done synthesizing module 'design_1_sorting_0_0' (6#1) [/home/yao/Class/FPGA/project/lab4/lab4.srcs/sources_1/bd/design_1/ip/design_1_sorting_0_0/synth/design_1_sorting_0_0.v:56]
WARNING: [Synth 8-3331] design sorting_v1_0_S00_AXI has unconnected port S_AXI_AWPROT[2]
WARNING: [Synth 8-3331] design sorting_v1_0_S00_AXI has unconnected port S_AXI_AWPROT[1]
WARNING: [Synth 8-3331] design sorting_v1_0_S00_AXI has unconnected port S_AXI_AWPROT[0]
WARNING: [Synth 8-3331] design sorting_v1_0_S00_AXI has unconnected port S_AXI_ARPROT[2]
WARNING: [Synth 8-3331] design sorting_v1_0_S00_AXI has unconnected port S_AXI_ARPROT[1]
WARNING: [Synth 8-3331] design sorting_v1_0_S00_AXI has unconnected port S_AXI_ARPROT[0]
---------------------------------------------------------------------------------
Finished RTL Elaboration : Time (s): cpu = 00:00:03 ; elapsed = 00:00:04 . Memory (MB): peak = 1428.859 ; gain = 73.641 ; free physical = 391 ; free virtual = 4586
---------------------------------------------------------------------------------

Report Check Netlist: 
+------+------------------+-------+---------+-------+------------------+
|      |Item              |Errors |Warnings |Status |Description       |
+------+------------------+-------+---------+-------+------------------+
|1     |multi_driven_nets |      0|        0|Passed |Multi driven nets |
+------+------------------+-------+---------+-------+------------------+
---------------------------------------------------------------------------------
Start Handling Custom Attributes
---------------------------------------------------------------------------------
---------------------------------------------------------------------------------
Finished Handling Custom Attributes : Time (s): cpu = 00:00:03 ; elapsed = 00:00:04 . Memory (MB): peak = 1428.859 ; gain = 73.641 ; free physical = 426 ; free virtual = 4623
---------------------------------------------------------------------------------
---------------------------------------------------------------------------------
Finished RTL Optimization Phase 1 : Time (s): cpu = 00:00:03 ; elapsed = 00:00:04 . Memory (MB): peak = 1428.859 ; gain = 73.641 ; free physical = 426 ; free virtual = 4623
---------------------------------------------------------------------------------
INFO: [Device 21-403] Loading part xc7z020clg400-1
INFO: [Project 1-570] Preparing netlist for logic optimization

Processing XDC Constraints
Initializing timing engine
Completed Processing XDC Constraints

Netlist sorting complete. Time (s): cpu = 00:00:00 ; elapsed = 00:00:00 . Memory (MB): peak = 1786.891 ; gain = 0.000 ; free physical = 216 ; free virtual = 3964
INFO: [Project 1-111] Unisim Transformation Summary:
No Unisim elements were transformed.

Netlist sorting complete. Time (s): cpu = 00:00:00 ; elapsed = 00:00:00 . Memory (MB): peak = 1786.891 ; gain = 0.000 ; free physical = 216 ; free virtual = 3964
WARNING: [Constraints 18-5210] No constraints selected for write.
Resolution: This message can indicate that there are no constraints for the design, or it can indicate that the used_in flags are set such that the constraints are ignored. This later case is used when running synth_design to not write synthesis constraints to the resulting checkpoint. Instead, project constraints are read when the synthesized design is opened.
Constraint Validation Runtime : Time (s): cpu = 00:00:00.06 ; elapsed = 00:00:00.10 . Memory (MB): peak = 1788.891 ; gain = 2.000 ; free physical = 207 ; free virtual = 3954
---------------------------------------------------------------------------------
Finished Constraint Validation : Time (s): cpu = 00:00:08 ; elapsed = 00:00:10 . Memory (MB): peak = 1788.891 ; gain = 433.672 ; free physical = 129 ; free virtual = 3874
---------------------------------------------------------------------------------
---------------------------------------------------------------------------------
Start Loading Part and Timing Information
---------------------------------------------------------------------------------
Loading part: xc7z020clg400-1
---------------------------------------------------------------------------------
Finished Loading Part and Timing Information : Time (s): cpu = 00:00:08 ; elapsed = 00:00:10 . Memory (MB): peak = 1788.891 ; gain = 433.672 ; free physical = 129 ; free virtual = 3874
---------------------------------------------------------------------------------
---------------------------------------------------------------------------------
Start Applying 'set_property' XDC Constraints
---------------------------------------------------------------------------------
---------------------------------------------------------------------------------
Finished applying 'set_property' XDC Constraints : Time (s): cpu = 00:00:08 ; elapsed = 00:00:10 . Memory (MB): peak = 1788.891 ; gain = 433.672 ; free physical = 128 ; free virtual = 3874
---------------------------------------------------------------------------------
---------------------------------------------------------------------------------
Finished RTL Optimization Phase 2 : Time (s): cpu = 00:00:08 ; elapsed = 00:00:10 . Memory (MB): peak = 1788.891 ; gain = 433.672 ; free physical = 207 ; free virtual = 3861
---------------------------------------------------------------------------------

Report RTL Partitions: 
+-+--------------+------------+----------+
| |RTL Partition |Replication |Instances |
+-+--------------+------------+----------+
+-+--------------+------------+----------+
---------------------------------------------------------------------------------
Start RTL Component Statistics 
---------------------------------------------------------------------------------
Detailed RTL Component Info : 
+---Registers : 
	               32 Bit    Registers := 4     
	                4 Bit    Registers := 2     
	                2 Bit    Registers := 2     
	                1 Bit    Registers := 6     
+---Muxes : 
	   2 Input     32 Bit        Muxes := 3     
	   4 Input     32 Bit        Muxes := 4     
	   2 Input      4 Bit        Muxes := 50    
	   2 Input      1 Bit        Muxes := 5     
---------------------------------------------------------------------------------
Finished RTL Component Statistics 
---------------------------------------------------------------------------------
---------------------------------------------------------------------------------
Start RTL Hierarchical Component Statistics 
---------------------------------------------------------------------------------
Hierarchical RTL Component report 
Module sort_2 
Detailed RTL Component Info : 
+---Muxes : 
	   2 Input      4 Bit        Muxes := 2     
Module sorting_v1_0_S00_AXI 
Detailed RTL Component Info : 
+---Registers : 
	               32 Bit    Registers := 4     
	                4 Bit    Registers := 2     
	                2 Bit    Registers := 2     
	                1 Bit    Registers := 6     
+---Muxes : 
	   2 Input     32 Bit        Muxes := 3     
	   4 Input     32 Bit        Muxes := 4     
	   2 Input      1 Bit        Muxes := 5     
---------------------------------------------------------------------------------
Finished RTL Hierarchical Component Statistics
---------------------------------------------------------------------------------
---------------------------------------------------------------------------------
Start Part Resource Summary
---------------------------------------------------------------------------------
Part Resources:
DSPs: 220 (col length:60)
BRAMs: 280 (col length: RAMB18 60 RAMB36 30)
---------------------------------------------------------------------------------
Finished Part Resource Summary
---------------------------------------------------------------------------------
---------------------------------------------------------------------------------
Start Cross Boundary and Area Optimization
---------------------------------------------------------------------------------
Warning: Parallel synthesis criteria is not met 
WARNING: [Synth 8-3331] design design_1_sorting_0_0 has unconnected port s00_axi_awprot[2]
WARNING: [Synth 8-3331] design design_1_sorting_0_0 has unconnected port s00_axi_awprot[1]
WARNING: [Synth 8-3331] design design_1_sorting_0_0 has unconnected port s00_axi_awprot[0]
WARNING: [Synth 8-3331] design design_1_sorting_0_0 has unconnected port s00_axi_arprot[2]
WARNING: [Synth 8-3331] design design_1_sorting_0_0 has unconnected port s00_axi_arprot[1]
WARNING: [Synth 8-3331] design design_1_sorting_0_0 has unconnected port s00_axi_arprot[0]
INFO: [Synth 8-3886] merging instance 'inst/sorting_v1_0_S00_AXI_inst/axi_rresp_reg[0]' (FDRE) to 'inst/sorting_v1_0_S00_AXI_inst/axi_rresp_reg[1]'
INFO: [Synth 8-3333] propagating constant 0 across sequential element (\inst/sorting_v1_0_S00_AXI_inst/axi_rresp_reg[1] )
INFO: [Synth 8-3886] merging instance 'inst/sorting_v1_0_S00_AXI_inst/axi_bresp_reg[0]' (FDRE) to 'inst/sorting_v1_0_S00_AXI_inst/axi_bresp_reg[1]'
INFO: [Synth 8-3333] propagating constant 0 across sequential element (\inst/sorting_v1_0_S00_AXI_inst/axi_bresp_reg[1] )
---------------------------------------------------------------------------------
Finished Cross Boundary and Area Optimization : Time (s): cpu = 00:00:14 ; elapsed = 00:00:16 . Memory (MB): peak = 1788.891 ; gain = 433.672 ; free physical = 157 ; free virtual = 3732
---------------------------------------------------------------------------------

Report RTL Partitions: 
+-+--------------+------------+----------+
| |RTL Partition |Replication |Instances |
+-+--------------+------------+----------+
+-+--------------+------------+----------+
---------------------------------------------------------------------------------
Start Applying XDC Timing Constraints
---------------------------------------------------------------------------------
---------------------------------------------------------------------------------
Finished Applying XDC Timing Constraints : Time (s): cpu = 00:00:19 ; elapsed = 00:00:21 . Memory (MB): peak = 1788.891 ; gain = 433.672 ; free physical = 499 ; free virtual = 3986
---------------------------------------------------------------------------------
---------------------------------------------------------------------------------
Start Timing Optimization
---------------------------------------------------------------------------------
---------------------------------------------------------------------------------
Finished Timing Optimization : Time (s): cpu = 00:00:19 ; elapsed = 00:00:21 . Memory (MB): peak = 1788.891 ; gain = 433.672 ; free physical = 514 ; free virtual = 4001
---------------------------------------------------------------------------------

Report RTL Partitions: 
+-+--------------+------------+----------+
| |RTL Partition |Replication |Instances |
+-+--------------+------------+----------+
+-+--------------+------------+----------+
---------------------------------------------------------------------------------
Start Technology Mapping
---------------------------------------------------------------------------------
---------------------------------------------------------------------------------
Finished Technology Mapping : Time (s): cpu = 00:00:19 ; elapsed = 00:00:21 . Memory (MB): peak = 1788.891 ; gain = 433.672 ; free physical = 606 ; free virtual = 4093
---------------------------------------------------------------------------------

Report RTL Partitions: 
+-+--------------+------------+----------+
| |RTL Partition |Replication |Instances |
+-+--------------+------------+----------+
+-+--------------+------------+----------+
---------------------------------------------------------------------------------
Start IO Insertion
---------------------------------------------------------------------------------
---------------------------------------------------------------------------------
Start Flattening Before IO Insertion
---------------------------------------------------------------------------------
---------------------------------------------------------------------------------
Finished Flattening Before IO Insertion
---------------------------------------------------------------------------------
---------------------------------------------------------------------------------
Start Final Netlist Cleanup
---------------------------------------------------------------------------------
---------------------------------------------------------------------------------
Finished Final Netlist Cleanup
---------------------------------------------------------------------------------
---------------------------------------------------------------------------------
Finished IO Insertion : Time (s): cpu = 00:00:20 ; elapsed = 00:00:22 . Memory (MB): peak = 1788.891 ; gain = 433.672 ; free physical = 514 ; free virtual = 4001
---------------------------------------------------------------------------------

Report Check Netlist: 
+------+------------------+-------+---------+-------+------------------+
|      |Item              |Errors |Warnings |Status |Description       |
+------+------------------+-------+---------+-------+------------------+
|1     |multi_driven_nets |      0|        0|Passed |Multi driven nets |
+------+------------------+-------+---------+-------+------------------+
---------------------------------------------------------------------------------
Start Renaming Generated Instances
---------------------------------------------------------------------------------
---------------------------------------------------------------------------------
Finished Renaming Generated Instances : Time (s): cpu = 00:00:20 ; elapsed = 00:00:22 . Memory (MB): peak = 1788.891 ; gain = 433.672 ; free physical = 513 ; free virtual = 4000
---------------------------------------------------------------------------------

Report RTL Partitions: 
+-+--------------+------------+----------+
| |RTL Partition |Replication |Instances |
+-+--------------+------------+----------+
+-+--------------+------------+----------+
---------------------------------------------------------------------------------
Start Rebuilding User Hierarchy
---------------------------------------------------------------------------------
---------------------------------------------------------------------------------
Finished Rebuilding User Hierarchy : Time (s): cpu = 00:00:20 ; elapsed = 00:00:22 . Memory (MB): peak = 1788.891 ; gain = 433.672 ; free physical = 511 ; free virtual = 3998
---------------------------------------------------------------------------------
---------------------------------------------------------------------------------
Start Renaming Generated Ports
---------------------------------------------------------------------------------
---------------------------------------------------------------------------------
Finished Renaming Generated Ports : Time (s): cpu = 00:00:20 ; elapsed = 00:00:22 . Memory (MB): peak = 1788.891 ; gain = 433.672 ; free physical = 511 ; free virtual = 3998
---------------------------------------------------------------------------------
---------------------------------------------------------------------------------
Start Handling Custom Attributes
---------------------------------------------------------------------------------
---------------------------------------------------------------------------------
Finished Handling Custom Attributes : Time (s): cpu = 00:00:20 ; elapsed = 00:00:22 . Memory (MB): peak = 1788.891 ; gain = 433.672 ; free physical = 508 ; free virtual = 3995
---------------------------------------------------------------------------------
---------------------------------------------------------------------------------
Start Renaming Generated Nets
---------------------------------------------------------------------------------
---------------------------------------------------------------------------------
Finished Renaming Generated Nets : Time (s): cpu = 00:00:20 ; elapsed = 00:00:22 . Memory (MB): peak = 1788.891 ; gain = 433.672 ; free physical = 507 ; free virtual = 3994
---------------------------------------------------------------------------------
---------------------------------------------------------------------------------
Start Writing Synthesis Report
---------------------------------------------------------------------------------

Report BlackBoxes: 
+-+--------------+----------+
| |BlackBox name |Instances |
+-+--------------+----------+
+-+--------------+----------+

Report Cell Usage: 
+------+-----+------+
|      |Cell |Count |
+------+-----+------+
|1     |LUT1 |     1|
|2     |LUT2 |    15|
|3     |LUT3 |    24|
|4     |LUT4 |    48|
|5     |LUT5 |    90|
|6     |LUT6 |   157|
|7     |FDRE |   137|
|8     |FDSE |     1|
+------+-----+------+

Report Instance Areas: 
+------+------------------------------+---------------------+------+
|      |Instance                      |Module               |Cells |
+------+------------------------------+---------------------+------+
|1     |top                           |                     |   473|
|2     |  inst                        |sorting_v1_0         |   473|
|3     |    sorting_v1_0_S00_AXI_inst |sorting_v1_0_S00_AXI |   473|
+------+------------------------------+---------------------+------+
---------------------------------------------------------------------------------
Finished Writing Synthesis Report : Time (s): cpu = 00:00:20 ; elapsed = 00:00:22 . Memory (MB): peak = 1788.891 ; gain = 433.672 ; free physical = 506 ; free virtual = 3993
---------------------------------------------------------------------------------
Synthesis finished with 0 errors, 0 critical warnings and 6 warnings.
Synthesis Optimization Runtime : Time (s): cpu = 00:00:16 ; elapsed = 00:00:18 . Memory (MB): peak = 1788.891 ; gain = 73.641 ; free physical = 540 ; free virtual = 4027
Synthesis Optimization Complete : Time (s): cpu = 00:00:20 ; elapsed = 00:00:22 . Memory (MB): peak = 1788.891 ; gain = 433.672 ; free physical = 544 ; free virtual = 4031
INFO: [Project 1-571] Translating synthesized netlist
INFO: [Project 1-570] Preparing netlist for logic optimization
INFO: [Opt 31-138] Pushed 0 inverter(s) to 0 load pin(s).
Netlist sorting complete. Time (s): cpu = 00:00:00 ; elapsed = 00:00:00 . Memory (MB): peak = 1797.906 ; gain = 0.000 ; free physical = 566 ; free virtual = 4053
INFO: [Project 1-111] Unisim Transformation Summary:
No Unisim elements were transformed.

INFO: [Common 17-83] Releasing license: Synthesis
32 Infos, 15 Warnings, 0 Critical Warnings and 0 Errors encountered.
synth_design completed successfully
synth_design: Time (s): cpu = 00:00:22 ; elapsed = 00:00:23 . Memory (MB): peak = 1797.906 ; gain = 442.797 ; free physical = 631 ; free virtual = 4119
Netlist sorting complete. Time (s): cpu = 00:00:00 ; elapsed = 00:00:00 . Memory (MB): peak = 1797.906 ; gain = 0.000 ; free physical = 631 ; free virtual = 4118
WARNING: [Constraints 18-5210] No constraints selected for write.
Resolution: This message can indicate that there are no constraints for the design, or it can indicate that the used_in flags are set such that the constraints are ignored. This later case is used when running synth_design to not write synthesis constraints to the resulting checkpoint. Instead, project constraints are read when the synthesized design is opened.
INFO: [Common 17-1381] The checkpoint '/home/yao/Class/FPGA/project/lab4/lab4.runs/design_1_sorting_0_0_synth_1/design_1_sorting_0_0.dcp' has been generated.
INFO: [Coretcl 2-1648] Added synthesis output to IP cache for IP design_1_sorting_0_0, cache-ID = f7821abeb4fd4633
INFO: [Coretcl 2-1174] Renamed 2 cell refs.
Netlist sorting complete. Time (s): cpu = 00:00:00.01 ; elapsed = 00:00:00 . Memory (MB): peak = 1821.918 ; gain = 0.000 ; free physical = 1788 ; free virtual = 5272
WARNING: [Constraints 18-5210] No constraints selected for write.
Resolution: This message can indicate that there are no constraints for the design, or it can indicate that the used_in flags are set such that the constraints are ignored. This later case is used when running synth_design to not write synthesis constraints to the resulting checkpoint. Instead, project constraints are read when the synthesized design is opened.
INFO: [Common 17-1381] The checkpoint '/home/yao/Class/FPGA/project/lab4/lab4.runs/design_1_sorting_0_0_synth_1/design_1_sorting_0_0.dcp' has been generated.
INFO: [runtcl-4] Executing : report_utilization -file design_1_sorting_0_0_utilization_synth.rpt -pb design_1_sorting_0_0_utilization_synth.pb
INFO: [Common 17-206] Exiting Vivado at Sun Nov 10 20:39:43 2019...
