
*** Running vivado
    with args -log design_1_calculator_0_0.vds -m64 -product Vivado -mode batch -messageDb vivado.pb -notrace -source design_1_calculator_0_0.tcl


****** Vivado v2018.3 (64-bit)
  **** SW Build 2405991 on Thu Dec  6 23:36:41 MST 2018
  **** IP Build 2404404 on Fri Dec  7 01:43:56 MST 2018
    ** Copyright 1986-2018 Xilinx, Inc. All Rights Reserved.

source design_1_calculator_0_0.tcl -notrace
INFO: [IP_Flow 19-234] Refreshing IP repositories
WARNING: [IP_Flow 19-3685] Ignored loading user repository '/home/yao/Class/FPGA/IP/lab4/AXI4/AXI4_1.0'. The path is contained within another repository.
INFO: [IP_Flow 19-1700] Loaded user IP repository '/home/yao/Class/FPGA/IP/lab4'.
INFO: [IP_Flow 19-1700] Loaded user IP repository '/home/yao/Class/FPGA/lab5_tmp/2019_FPGA_Design_Group8-master/Lab04'.
INFO: [IP_Flow 19-2313] Loaded Vivado IP repository '/home/yao/Xilinx/Vivado/2018.3/data/ip'.
Command: synth_design -top design_1_calculator_0_0 -part xc7z020clg400-1 -mode out_of_context
Starting synth_design
Attempting to get a license for feature 'Synthesis' and/or device 'xc7z020'
INFO: [Common 17-349] Got license for feature 'Synthesis' and/or device 'xc7z020'
INFO: Launching helper process for spawning children vivado processes
INFO: Helper process launched with PID 32527 
---------------------------------------------------------------------------------
Starting RTL Elaboration : Time (s): cpu = 00:00:01 ; elapsed = 00:00:02 . Memory (MB): peak = 1384.375 ; gain = 6.891 ; free physical = 873 ; free virtual = 2917
---------------------------------------------------------------------------------
INFO: [Synth 8-6157] synthesizing module 'design_1_calculator_0_0' [/home/yao/Class/FPGA/project/lab4/lab4.srcs/sources_1/bd/design_1/ip/design_1_calculator_0_0/synth/design_1_calculator_0_0.v:56]
INFO: [Synth 8-6157] synthesizing module 'calculator_v1_0' [/home/yao/Class/FPGA/project/lab4/lab4.srcs/sources_1/bd/design_1/ipshared/1afd/hdl/calculator_v1_0.v:4]
	Parameter C_S00_AXI_DATA_WIDTH bound to: 32 - type: integer 
	Parameter C_S00_AXI_ADDR_WIDTH bound to: 4 - type: integer 
INFO: [Synth 8-6157] synthesizing module 'calculator_v1_0_S00_AXI' [/home/yao/Class/FPGA/project/lab4/lab4.srcs/sources_1/bd/design_1/ipshared/1afd/hdl/calculator_v1_0_S00_AXI.v:4]
	Parameter C_S_AXI_DATA_WIDTH bound to: 32 - type: integer 
	Parameter C_S_AXI_ADDR_WIDTH bound to: 4 - type: integer 
	Parameter ADDR_LSB bound to: 2 - type: integer 
	Parameter OPT_MEM_ADDR_BITS bound to: 1 - type: integer 
INFO: [Synth 8-226] default block is never used [/home/yao/Class/FPGA/project/lab4/lab4.srcs/sources_1/bd/design_1/ipshared/1afd/hdl/calculator_v1_0_S00_AXI.v:231]
INFO: [Synth 8-226] default block is never used [/home/yao/Class/FPGA/project/lab4/lab4.srcs/sources_1/bd/design_1/ipshared/1afd/hdl/calculator_v1_0_S00_AXI.v:372]
INFO: [Synth 8-6157] synthesizing module 'adder' [/home/yao/Class/FPGA/project/lab4/lab4.srcs/sources_1/bd/design_1/ipshared/1afd/src/adder.v:5]
INFO: [Synth 8-6155] done synthesizing module 'adder' (1#1) [/home/yao/Class/FPGA/project/lab4/lab4.srcs/sources_1/bd/design_1/ipshared/1afd/src/adder.v:5]
WARNING: [Synth 8-6014] Unused sequential element slv_reg3_reg was removed.  [/home/yao/Class/FPGA/project/lab4/lab4.srcs/sources_1/bd/design_1/ipshared/1afd/hdl/calculator_v1_0_S00_AXI.v:226]
INFO: [Synth 8-6155] done synthesizing module 'calculator_v1_0_S00_AXI' (2#1) [/home/yao/Class/FPGA/project/lab4/lab4.srcs/sources_1/bd/design_1/ipshared/1afd/hdl/calculator_v1_0_S00_AXI.v:4]
INFO: [Synth 8-6155] done synthesizing module 'calculator_v1_0' (3#1) [/home/yao/Class/FPGA/project/lab4/lab4.srcs/sources_1/bd/design_1/ipshared/1afd/hdl/calculator_v1_0.v:4]
INFO: [Synth 8-6155] done synthesizing module 'design_1_calculator_0_0' (4#1) [/home/yao/Class/FPGA/project/lab4/lab4.srcs/sources_1/bd/design_1/ip/design_1_calculator_0_0/synth/design_1_calculator_0_0.v:56]
WARNING: [Synth 8-3331] design calculator_v1_0_S00_AXI has unconnected port S_AXI_AWPROT[2]
WARNING: [Synth 8-3331] design calculator_v1_0_S00_AXI has unconnected port S_AXI_AWPROT[1]
WARNING: [Synth 8-3331] design calculator_v1_0_S00_AXI has unconnected port S_AXI_AWPROT[0]
WARNING: [Synth 8-3331] design calculator_v1_0_S00_AXI has unconnected port S_AXI_ARPROT[2]
WARNING: [Synth 8-3331] design calculator_v1_0_S00_AXI has unconnected port S_AXI_ARPROT[1]
WARNING: [Synth 8-3331] design calculator_v1_0_S00_AXI has unconnected port S_AXI_ARPROT[0]
---------------------------------------------------------------------------------
Finished RTL Elaboration : Time (s): cpu = 00:00:02 ; elapsed = 00:00:02 . Memory (MB): peak = 1429.125 ; gain = 51.641 ; free physical = 885 ; free virtual = 2931
---------------------------------------------------------------------------------

Report Check Netlist: 
+------+------------------+-------+---------+-------+------------------+
|      |Item              |Errors |Warnings |Status |Description       |
+------+------------------+-------+---------+-------+------------------+
|1     |multi_driven_nets |      0|        0|Passed |Multi driven nets |
+------+------------------+-------+---------+-------+------------------+
---------------------------------------------------------------------------------
Start Handling Custom Attributes
---------------------------------------------------------------------------------
---------------------------------------------------------------------------------
Finished Handling Custom Attributes : Time (s): cpu = 00:00:02 ; elapsed = 00:00:03 . Memory (MB): peak = 1429.125 ; gain = 51.641 ; free physical = 884 ; free virtual = 2931
---------------------------------------------------------------------------------
---------------------------------------------------------------------------------
Finished RTL Optimization Phase 1 : Time (s): cpu = 00:00:02 ; elapsed = 00:00:03 . Memory (MB): peak = 1429.125 ; gain = 51.641 ; free physical = 884 ; free virtual = 2931
---------------------------------------------------------------------------------
INFO: [Device 21-403] Loading part xc7z020clg400-1
INFO: [Project 1-570] Preparing netlist for logic optimization

Processing XDC Constraints
Initializing timing engine
Completed Processing XDC Constraints

Netlist sorting complete. Time (s): cpu = 00:00:00 ; elapsed = 00:00:00 . Memory (MB): peak = 1793.172 ; gain = 0.000 ; free physical = 623 ; free virtual = 2668
INFO: [Project 1-111] Unisim Transformation Summary:
No Unisim elements were transformed.

Netlist sorting complete. Time (s): cpu = 00:00:00 ; elapsed = 00:00:00 . Memory (MB): peak = 1794.172 ; gain = 0.000 ; free physical = 623 ; free virtual = 2668
WARNING: [Constraints 18-5210] No constraints selected for write.
Resolution: This message can indicate that there are no constraints for the design, or it can indicate that the used_in flags are set such that the constraints are ignored. This later case is used when running synth_design to not write synthesis constraints to the resulting checkpoint. Instead, project constraints are read when the synthesized design is opened.
Constraint Validation Runtime : Time (s): cpu = 00:00:00.06 ; elapsed = 00:00:00.09 . Memory (MB): peak = 1796.172 ; gain = 2.000 ; free physical = 620 ; free virtual = 2666
---------------------------------------------------------------------------------
Finished Constraint Validation : Time (s): cpu = 00:00:07 ; elapsed = 00:00:08 . Memory (MB): peak = 1796.172 ; gain = 418.688 ; free physical = 689 ; free virtual = 2734
---------------------------------------------------------------------------------
---------------------------------------------------------------------------------
Start Loading Part and Timing Information
---------------------------------------------------------------------------------
Loading part: xc7z020clg400-1
---------------------------------------------------------------------------------
Finished Loading Part and Timing Information : Time (s): cpu = 00:00:07 ; elapsed = 00:00:08 . Memory (MB): peak = 1796.172 ; gain = 418.688 ; free physical = 689 ; free virtual = 2734
---------------------------------------------------------------------------------
---------------------------------------------------------------------------------
Start Applying 'set_property' XDC Constraints
---------------------------------------------------------------------------------
---------------------------------------------------------------------------------
Finished applying 'set_property' XDC Constraints : Time (s): cpu = 00:00:07 ; elapsed = 00:00:08 . Memory (MB): peak = 1796.172 ; gain = 418.688 ; free physical = 690 ; free virtual = 2736
---------------------------------------------------------------------------------
---------------------------------------------------------------------------------
Finished RTL Optimization Phase 2 : Time (s): cpu = 00:00:07 ; elapsed = 00:00:08 . Memory (MB): peak = 1796.172 ; gain = 418.688 ; free physical = 683 ; free virtual = 2729
---------------------------------------------------------------------------------

Report RTL Partitions: 
+-+--------------+------------+----------+
| |RTL Partition |Replication |Instances |
+-+--------------+------------+----------+
+-+--------------+------------+----------+
---------------------------------------------------------------------------------
Start RTL Component Statistics 
---------------------------------------------------------------------------------
Detailed RTL Component Info : 
+---Adders : 
	   3 Input     16 Bit       Adders := 1     
	   2 Input      9 Bit       Adders := 1     
+---Registers : 
	               32 Bit    Registers := 4     
	                4 Bit    Registers := 2     
	                2 Bit    Registers := 2     
	                1 Bit    Registers := 6     
+---Muxes : 
	   2 Input     32 Bit        Muxes := 4     
	   4 Input     32 Bit        Muxes := 4     
	   4 Input     16 Bit        Muxes := 1     
	   2 Input      1 Bit        Muxes := 5     
---------------------------------------------------------------------------------
Finished RTL Component Statistics 
---------------------------------------------------------------------------------
---------------------------------------------------------------------------------
Start RTL Hierarchical Component Statistics 
---------------------------------------------------------------------------------
Hierarchical RTL Component report 
Module adder 
Detailed RTL Component Info : 
+---Adders : 
	   3 Input     16 Bit       Adders := 1     
	   2 Input      9 Bit       Adders := 1     
+---Muxes : 
	   4 Input     16 Bit        Muxes := 1     
Module calculator_v1_0_S00_AXI 
Detailed RTL Component Info : 
+---Registers : 
	               32 Bit    Registers := 4     
	                4 Bit    Registers := 2     
	                2 Bit    Registers := 2     
	                1 Bit    Registers := 6     
+---Muxes : 
	   2 Input     32 Bit        Muxes := 4     
	   4 Input     32 Bit        Muxes := 4     
	   2 Input      1 Bit        Muxes := 5     
---------------------------------------------------------------------------------
Finished RTL Hierarchical Component Statistics
---------------------------------------------------------------------------------
---------------------------------------------------------------------------------
Start Part Resource Summary
---------------------------------------------------------------------------------
Part Resources:
DSPs: 220 (col length:60)
BRAMs: 280 (col length: RAMB18 60 RAMB36 30)
---------------------------------------------------------------------------------
Finished Part Resource Summary
---------------------------------------------------------------------------------
---------------------------------------------------------------------------------
Start Cross Boundary and Area Optimization
---------------------------------------------------------------------------------
Warning: Parallel synthesis criteria is not met 
WARNING: [Synth 8-3331] design design_1_calculator_0_0 has unconnected port s00_axi_awprot[2]
WARNING: [Synth 8-3331] design design_1_calculator_0_0 has unconnected port s00_axi_awprot[1]
WARNING: [Synth 8-3331] design design_1_calculator_0_0 has unconnected port s00_axi_awprot[0]
WARNING: [Synth 8-3331] design design_1_calculator_0_0 has unconnected port s00_axi_arprot[2]
WARNING: [Synth 8-3331] design design_1_calculator_0_0 has unconnected port s00_axi_arprot[1]
WARNING: [Synth 8-3331] design design_1_calculator_0_0 has unconnected port s00_axi_arprot[0]
INFO: [Synth 8-3886] merging instance 'inst/calculator_v1_0_S00_AXI_inst/axi_rresp_reg[0]' (FDRE) to 'inst/calculator_v1_0_S00_AXI_inst/axi_rresp_reg[1]'
INFO: [Synth 8-3333] propagating constant 0 across sequential element (\inst/calculator_v1_0_S00_AXI_inst/axi_rresp_reg[1] )
INFO: [Synth 8-3886] merging instance 'inst/calculator_v1_0_S00_AXI_inst/axi_bresp_reg[0]' (FDRE) to 'inst/calculator_v1_0_S00_AXI_inst/axi_bresp_reg[1]'
INFO: [Synth 8-3333] propagating constant 0 across sequential element (\inst/calculator_v1_0_S00_AXI_inst/axi_bresp_reg[1] )
---------------------------------------------------------------------------------
Finished Cross Boundary and Area Optimization : Time (s): cpu = 00:00:07 ; elapsed = 00:00:09 . Memory (MB): peak = 1796.172 ; gain = 418.688 ; free physical = 669 ; free virtual = 2717
---------------------------------------------------------------------------------

Report RTL Partitions: 
+-+--------------+------------+----------+
| |RTL Partition |Replication |Instances |
+-+--------------+------------+----------+
+-+--------------+------------+----------+
---------------------------------------------------------------------------------
Start Applying XDC Timing Constraints
---------------------------------------------------------------------------------
---------------------------------------------------------------------------------
Finished Applying XDC Timing Constraints : Time (s): cpu = 00:00:12 ; elapsed = 00:00:13 . Memory (MB): peak = 1796.172 ; gain = 418.688 ; free physical = 533 ; free virtual = 2587
---------------------------------------------------------------------------------
---------------------------------------------------------------------------------
Start Timing Optimization
---------------------------------------------------------------------------------
---------------------------------------------------------------------------------
Finished Timing Optimization : Time (s): cpu = 00:00:12 ; elapsed = 00:00:13 . Memory (MB): peak = 1796.172 ; gain = 418.688 ; free physical = 533 ; free virtual = 2587
---------------------------------------------------------------------------------

Report RTL Partitions: 
+-+--------------+------------+----------+
| |RTL Partition |Replication |Instances |
+-+--------------+------------+----------+
+-+--------------+------------+----------+
---------------------------------------------------------------------------------
Start Technology Mapping
---------------------------------------------------------------------------------
---------------------------------------------------------------------------------
Finished Technology Mapping : Time (s): cpu = 00:00:12 ; elapsed = 00:00:13 . Memory (MB): peak = 1796.172 ; gain = 418.688 ; free physical = 529 ; free virtual = 2583
---------------------------------------------------------------------------------

Report RTL Partitions: 
+-+--------------+------------+----------+
| |RTL Partition |Replication |Instances |
+-+--------------+------------+----------+
+-+--------------+------------+----------+
---------------------------------------------------------------------------------
Start IO Insertion
---------------------------------------------------------------------------------
---------------------------------------------------------------------------------
Start Flattening Before IO Insertion
---------------------------------------------------------------------------------
---------------------------------------------------------------------------------
Finished Flattening Before IO Insertion
---------------------------------------------------------------------------------
---------------------------------------------------------------------------------
Start Final Netlist Cleanup
---------------------------------------------------------------------------------
---------------------------------------------------------------------------------
Finished Final Netlist Cleanup
---------------------------------------------------------------------------------
---------------------------------------------------------------------------------
Finished IO Insertion : Time (s): cpu = 00:00:12 ; elapsed = 00:00:14 . Memory (MB): peak = 1796.172 ; gain = 418.688 ; free physical = 529 ; free virtual = 2583
---------------------------------------------------------------------------------

Report Check Netlist: 
+------+------------------+-------+---------+-------+------------------+
|      |Item              |Errors |Warnings |Status |Description       |
+------+------------------+-------+---------+-------+------------------+
|1     |multi_driven_nets |      0|        0|Passed |Multi driven nets |
+------+------------------+-------+---------+-------+------------------+
---------------------------------------------------------------------------------
Start Renaming Generated Instances
---------------------------------------------------------------------------------
---------------------------------------------------------------------------------
Finished Renaming Generated Instances : Time (s): cpu = 00:00:12 ; elapsed = 00:00:14 . Memory (MB): peak = 1796.172 ; gain = 418.688 ; free physical = 529 ; free virtual = 2583
---------------------------------------------------------------------------------

Report RTL Partitions: 
+-+--------------+------------+----------+
| |RTL Partition |Replication |Instances |
+-+--------------+------------+----------+
+-+--------------+------------+----------+
---------------------------------------------------------------------------------
Start Rebuilding User Hierarchy
---------------------------------------------------------------------------------
---------------------------------------------------------------------------------
Finished Rebuilding User Hierarchy : Time (s): cpu = 00:00:12 ; elapsed = 00:00:14 . Memory (MB): peak = 1796.172 ; gain = 418.688 ; free physical = 529 ; free virtual = 2583
---------------------------------------------------------------------------------
---------------------------------------------------------------------------------
Start Renaming Generated Ports
---------------------------------------------------------------------------------
---------------------------------------------------------------------------------
Finished Renaming Generated Ports : Time (s): cpu = 00:00:12 ; elapsed = 00:00:14 . Memory (MB): peak = 1796.172 ; gain = 418.688 ; free physical = 529 ; free virtual = 2583
---------------------------------------------------------------------------------
---------------------------------------------------------------------------------
Start Handling Custom Attributes
---------------------------------------------------------------------------------
---------------------------------------------------------------------------------
Finished Handling Custom Attributes : Time (s): cpu = 00:00:12 ; elapsed = 00:00:14 . Memory (MB): peak = 1796.172 ; gain = 418.688 ; free physical = 529 ; free virtual = 2583
---------------------------------------------------------------------------------
---------------------------------------------------------------------------------
Start Renaming Generated Nets
---------------------------------------------------------------------------------
---------------------------------------------------------------------------------
Finished Renaming Generated Nets : Time (s): cpu = 00:00:12 ; elapsed = 00:00:14 . Memory (MB): peak = 1796.172 ; gain = 418.688 ; free physical = 529 ; free virtual = 2583
---------------------------------------------------------------------------------
---------------------------------------------------------------------------------
Start Writing Synthesis Report
---------------------------------------------------------------------------------

Report BlackBoxes: 
+-+--------------+----------+
| |BlackBox name |Instances |
+-+--------------+----------+
+-+--------------+----------+

Report Cell Usage: 
+------+-------+------+
|      |Cell   |Count |
+------+-------+------+
|1     |CARRY4 |    16|
|2     |LUT1   |     1|
|3     |LUT2   |    42|
|4     |LUT3   |     4|
|5     |LUT4   |    39|
|6     |LUT5   |    11|
|7     |LUT6   |    81|
|8     |FDRE   |   137|
|9     |FDSE   |     1|
+------+-------+------+

Report Instance Areas: 
+------+---------------------------------+------------------------+------+
|      |Instance                         |Module                  |Cells |
+------+---------------------------------+------------------------+------+
|1     |top                              |                        |   332|
|2     |  inst                           |calculator_v1_0         |   332|
|3     |    calculator_v1_0_S00_AXI_inst |calculator_v1_0_S00_AXI |   332|
|4     |      a1                         |adder                   |   155|
+------+---------------------------------+------------------------+------+
---------------------------------------------------------------------------------
Finished Writing Synthesis Report : Time (s): cpu = 00:00:12 ; elapsed = 00:00:14 . Memory (MB): peak = 1796.172 ; gain = 418.688 ; free physical = 529 ; free virtual = 2583
---------------------------------------------------------------------------------
Synthesis finished with 0 errors, 0 critical warnings and 6 warnings.
Synthesis Optimization Runtime : Time (s): cpu = 00:00:09 ; elapsed = 00:00:10 . Memory (MB): peak = 1796.172 ; gain = 51.641 ; free physical = 583 ; free virtual = 2637
Synthesis Optimization Complete : Time (s): cpu = 00:00:12 ; elapsed = 00:00:14 . Memory (MB): peak = 1796.172 ; gain = 418.688 ; free physical = 583 ; free virtual = 2637
INFO: [Project 1-571] Translating synthesized netlist
INFO: [Netlist 29-17] Analyzing 16 Unisim elements for replacement
INFO: [Netlist 29-28] Unisim Transformation completed in 0 CPU seconds
INFO: [Project 1-570] Preparing netlist for logic optimization
INFO: [Opt 31-138] Pushed 0 inverter(s) to 0 load pin(s).
Netlist sorting complete. Time (s): cpu = 00:00:00 ; elapsed = 00:00:00 . Memory (MB): peak = 1796.172 ; gain = 0.000 ; free physical = 523 ; free virtual = 2577
INFO: [Project 1-111] Unisim Transformation Summary:
No Unisim elements were transformed.

INFO: [Common 17-83] Releasing license: Synthesis
29 Infos, 15 Warnings, 0 Critical Warnings and 0 Errors encountered.
synth_design completed successfully
synth_design: Time (s): cpu = 00:00:14 ; elapsed = 00:00:15 . Memory (MB): peak = 1796.172 ; gain = 418.797 ; free physical = 579 ; free virtual = 2633
Netlist sorting complete. Time (s): cpu = 00:00:00 ; elapsed = 00:00:00 . Memory (MB): peak = 1796.172 ; gain = 0.000 ; free physical = 579 ; free virtual = 2633
WARNING: [Constraints 18-5210] No constraints selected for write.
Resolution: This message can indicate that there are no constraints for the design, or it can indicate that the used_in flags are set such that the constraints are ignored. This later case is used when running synth_design to not write synthesis constraints to the resulting checkpoint. Instead, project constraints are read when the synthesized design is opened.
INFO: [Common 17-1381] The checkpoint '/home/yao/Class/FPGA/project/lab4/lab4.runs/design_1_calculator_0_0_synth_1/design_1_calculator_0_0.dcp' has been generated.
INFO: [Coretcl 2-1648] Added synthesis output to IP cache for IP design_1_calculator_0_0, cache-ID = b678ac606e7dda9e
INFO: [Coretcl 2-1174] Renamed 3 cell refs.
Netlist sorting complete. Time (s): cpu = 00:00:00 ; elapsed = 00:00:00 . Memory (MB): peak = 1820.184 ; gain = 0.000 ; free physical = 583 ; free virtual = 2637
WARNING: [Constraints 18-5210] No constraints selected for write.
Resolution: This message can indicate that there are no constraints for the design, or it can indicate that the used_in flags are set such that the constraints are ignored. This later case is used when running synth_design to not write synthesis constraints to the resulting checkpoint. Instead, project constraints are read when the synthesized design is opened.
INFO: [Common 17-1381] The checkpoint '/home/yao/Class/FPGA/project/lab4/lab4.runs/design_1_calculator_0_0_synth_1/design_1_calculator_0_0.dcp' has been generated.
INFO: [runtcl-4] Executing : report_utilization -file design_1_calculator_0_0_utilization_synth.rpt -pb design_1_calculator_0_0_utilization_synth.pb
INFO: [Common 17-206] Exiting Vivado at Mon Nov 11 02:09:58 2019...
