Copyright 1986-2018 Xilinx, Inc. All Rights Reserved.
---------------------------------------------------------------------------------------------
| Tool Version : Vivado v.2018.3 (lin64) Build 2405991 Thu Dec  6 23:36:41 MST 2018
| Date         : Sat Nov 16 18:51:31 2019
| Host         : MasterYao running 64-bit Ubuntu 18.04.3 LTS
| Command      : report_control_sets -verbose -file design_1_wrapper_control_sets_placed.rpt
| Design       : design_1_wrapper
| Device       : xc7z020
---------------------------------------------------------------------------------------------

Control Set Information

Table of Contents
-----------------
1. Summary
2. Histogram
3. Flip-Flop Distribution
4. Detailed Control Set Information

1. Summary
----------

+----------------------------------------------------------+-------+
|                          Status                          | Count |
+----------------------------------------------------------+-------+
| Number of unique control sets                            |    47 |
| Unused register locations in slices containing registers |   118 |
+----------------------------------------------------------+-------+


2. Histogram
------------

+--------+--------------+
| Fanout | Control Sets |
+--------+--------------+
|      1 |            1 |
|      2 |            4 |
|      4 |            7 |
|      5 |            3 |
|      6 |            1 |
|      7 |            1 |
|      8 |           11 |
|     10 |            1 |
|     12 |            1 |
|     13 |            2 |
|     14 |            2 |
|    16+ |           13 |
+--------+--------------+


3. Flip-Flop Distribution
-------------------------

+--------------+-----------------------+------------------------+-----------------+--------------+
| Clock Enable | Synchronous Set/Reset | Asynchronous Set/Reset | Total Registers | Total Slices |
+--------------+-----------------------+------------------------+-----------------+--------------+
| No           | No                    | No                     |             109 |           34 |
| No           | No                    | Yes                    |              11 |            5 |
| No           | Yes                   | No                     |              34 |           15 |
| Yes          | No                    | No                     |             272 |           60 |
| Yes          | No                    | Yes                    |              80 |           30 |
| Yes          | Yes                   | No                     |             128 |           35 |
+--------------+-----------------------+------------------------+-----------------+--------------+


4. Detailed Control Set Information
-----------------------------------

+------------------------------------------------------------------------------+----------------------------------------------------------------------------------------------------------------------------------------------------------------+-------------------------------------------------------------------------------------------------------------------------------------------------------+------------------+----------------+
|                                 Clock Signal                                 |                                                                          Enable Signal                                                                         |                                                                    Set/Reset Signal                                                                   | Slice Load Count | Bel Load Count |
+------------------------------------------------------------------------------+----------------------------------------------------------------------------------------------------------------------------------------------------------------+-------------------------------------------------------------------------------------------------------------------------------------------------------+------------------+----------------+
|  design_1_i/processing_system7_0/inst/FCLK_CLK0                              | design_1_i/ps7_0_axi_periph/s00_couplers/auto_pc/inst/gen_axilite.gen_b2s_conv.axilite_b2s/WR.aw_channel_0/aw_cmd_fsm_0/m_axi_awready_1                        | design_1_i/ps7_0_axi_periph/s00_couplers/auto_pc/inst/gen_axilite.gen_b2s_conv.axilite_b2s/WR.aw_channel_0/aw_cmd_fsm_0/m_axi_awready_0               |                1 |              1 |
| ~design_1_i/mem_control_0/inst/mem_control_v1_0_S00_AXI_inst/m_ctrl1/clk_4_f |                                                                                                                                                                | design_1_i/mem_control_0/inst/mem_control_v1_0_S00_AXI_inst/m_ctrl1/clk_4[1]_i_2_n_0                                                                  |                1 |              2 |
|  design_1_i/processing_system7_0/inst/FCLK_CLK0                              | design_1_i/mem_control_0/inst/mem_control_v1_0_S00_AXI_inst/slv_reg1[7]_i_1_n_0                                                                                | design_1_i/mem_control_0/inst/mem_control_v1_0_S00_AXI_inst/axi_awready_i_1_n_0                                                                       |                1 |              2 |
|  design_1_i/processing_system7_0/inst/FCLK_CLK0                              | design_1_i/ps7_0_axi_periph/s00_couplers/auto_pc/inst/gen_axilite.gen_b2s_conv.axilite_b2s/WR.b_channel_0/bid_fifo_0/sel                                       |                                                                                                                                                       |                1 |              2 |
| ~design_1_i/processing_system7_0/inst/FCLK_CLK0                              |                                                                                                                                                                | design_1_i/mem_control_0/inst/mem_control_v1_0_S00_AXI_inst/m_ctrl1/clk_4[1]_i_2_n_0                                                                  |                1 |              2 |
|  design_1_i/processing_system7_0/inst/FCLK_CLK0                              |                                                                                                                                                                | design_1_i/ps7_0_axi_periph/s00_couplers/auto_pc/inst/gen_axilite.gen_b2s_conv.axilite_b2s/SI_REG/aw.aw_pipe/aresetn_d_reg[0]_0                       |                2 |              4 |
|  design_1_i/processing_system7_0/inst/FCLK_CLK0                              |                                                                                                                                                                | design_1_i/ps7_0_axi_periph/s00_couplers/auto_pc/inst/gen_axilite.gen_b2s_conv.axilite_b2s/SI_REG/ar.ar_pipe/aresetn_d_reg[1]_inv_0                   |                2 |              4 |
|  design_1_i/processing_system7_0/inst/FCLK_CLK0                              |                                                                                                                                                                | design_1_i/rst_ps7_0_100M/U0/EXT_LPF/lpf_int                                                                                                          |                1 |              4 |
|  design_1_i/processing_system7_0/inst/FCLK_CLK0                              | design_1_i/ps7_0_axi_periph/s00_couplers/auto_pc/inst/gen_axilite.gen_b2s_conv.axilite_b2s/WR.aw_channel_0/cmd_translator_0/incr_cmd_0/axaddr_incr[11]_i_1_n_0 |                                                                                                                                                       |                1 |              4 |
|  design_1_i/processing_system7_0/inst/FCLK_CLK0                              | design_1_i/ps7_0_axi_periph/s00_couplers/auto_pc/inst/gen_axilite.gen_b2s_conv.axilite_b2s/WR.aw_channel_0/aw_cmd_fsm_0/E[0]                                   |                                                                                                                                                       |                1 |              4 |
|  design_1_i/processing_system7_0/inst/FCLK_CLK0                              | design_1_i/ps7_0_axi_periph/s00_couplers/auto_pc/inst/gen_axilite.gen_b2s_conv.axilite_b2s/RD.ar_channel_0/ar_cmd_fsm_0/E[0]                                   |                                                                                                                                                       |                1 |              4 |
|  design_1_i/processing_system7_0/inst/FCLK_CLK0                              | design_1_i/ps7_0_axi_periph/s00_couplers/auto_pc/inst/gen_axilite.gen_b2s_conv.axilite_b2s/RD.ar_channel_0/ar_cmd_fsm_0/sel_first_reg[0]                       |                                                                                                                                                       |                1 |              4 |
|  design_1_i/processing_system7_0/inst/FCLK_CLK0                              | design_1_i/ps7_0_axi_periph/s00_couplers/auto_pc/inst/gen_axilite.gen_b2s_conv.axilite_b2s/RD.ar_channel_0/ar_cmd_fsm_0/m_valid_i_reg                          | design_1_i/ps7_0_axi_periph/s00_couplers/auto_pc/inst/gen_axilite.gen_b2s_conv.axilite_b2s/RD.ar_channel_0/ar_cmd_fsm_0/FSM_sequential_state_reg[0]_0 |                2 |              5 |
|  design_1_i/processing_system7_0/inst/FCLK_CLK0                              | design_1_i/ps7_0_axi_periph/s00_couplers/auto_pc/inst/gen_axilite.gen_b2s_conv.axilite_b2s/RD.r_channel_0/rd_data_fifo_0/E[0]                                  | design_1_i/ps7_0_axi_periph/s00_couplers/auto_pc/inst/gen_axilite.gen_b2s_conv.axilite_b2s/areset_d1                                                  |                2 |              5 |
|  design_1_i/processing_system7_0/inst/FCLK_CLK0                              | design_1_i/ps7_0_axi_periph/s00_couplers/auto_pc/inst/gen_axilite.gen_b2s_conv.axilite_b2s/RD.r_channel_0/rd_data_fifo_0/cnt_read[4]_i_1_n_0                   | design_1_i/ps7_0_axi_periph/s00_couplers/auto_pc/inst/gen_axilite.gen_b2s_conv.axilite_b2s/areset_d1                                                  |                2 |              5 |
|  design_1_i/processing_system7_0/inst/FCLK_CLK0                              | design_1_i/rst_ps7_0_100M/U0/SEQ/seq_cnt_en                                                                                                                    | design_1_i/rst_ps7_0_100M/U0/SEQ/SEQ_COUNTER/clear                                                                                                    |                1 |              6 |
|  design_1_i/processing_system7_0/inst/FCLK_CLK0                              |                                                                                                                                                                | design_1_i/processor_0/inst/w_en_i_2_n_0                                                                                                              |                3 |              7 |
|  design_1_i/processing_system7_0/inst/FCLK_CLK0                              | design_1_i/ps7_0_axi_periph/s00_couplers/auto_pc/inst/gen_axilite.gen_b2s_conv.axilite_b2s/WR.b_channel_0/mhandshake_r                                         | design_1_i/ps7_0_axi_periph/s00_couplers/auto_pc/inst/gen_axilite.gen_b2s_conv.axilite_b2s/WR.b_channel_0/bid_fifo_0/SR[0]                            |                3 |              8 |
|  design_1_i/processing_system7_0/inst/FCLK_CLK0                              | design_1_i/processor_0/inst/pc[7]_i_1_n_0                                                                                                                      | design_1_i/processor_0/inst/w_en_i_2_n_0                                                                                                              |                3 |              8 |
|  design_1_i/processing_system7_0/inst/FCLK_CLK0                              | design_1_i/processor_0/inst/addr[7]_i_1_n_0                                                                                                                    | design_1_i/processor_0/inst/w_en_i_2_n_0                                                                                                              |                4 |              8 |
|  design_1_i/processing_system7_0/inst/FCLK_CLK0                              | design_1_i/mem_control_0/inst/mem_control_v1_0_S00_AXI_inst/slv_reg3[7]_i_1_n_0                                                                                | design_1_i/mem_control_0/inst/mem_control_v1_0_S00_AXI_inst/axi_awready_i_1_n_0                                                                       |                2 |              8 |
|  design_1_i/processing_system7_0/inst/FCLK_CLK0                              | design_1_i/mem_control_0/inst/mem_control_v1_0_S00_AXI_inst/slv_reg2[23]_i_1_n_0                                                                               | design_1_i/mem_control_0/inst/mem_control_v1_0_S00_AXI_inst/axi_awready_i_1_n_0                                                                       |                2 |              8 |
|  design_1_i/processing_system7_0/inst/FCLK_CLK0                              | design_1_i/mem_control_0/inst/mem_control_v1_0_S00_AXI_inst/slv_reg2[31]_i_1_n_0                                                                               | design_1_i/mem_control_0/inst/mem_control_v1_0_S00_AXI_inst/axi_awready_i_1_n_0                                                                       |                1 |              8 |
|  design_1_i/processing_system7_0/inst/FCLK_CLK0                              | design_1_i/mem_control_0/inst/mem_control_v1_0_S00_AXI_inst/slv_reg2[7]_i_1_n_0                                                                                | design_1_i/mem_control_0/inst/mem_control_v1_0_S00_AXI_inst/axi_awready_i_1_n_0                                                                       |                1 |              8 |
|  design_1_i/processing_system7_0/inst/FCLK_CLK0                              | design_1_i/mem_control_0/inst/mem_control_v1_0_S00_AXI_inst/slv_reg3[23]_i_1_n_0                                                                               | design_1_i/mem_control_0/inst/mem_control_v1_0_S00_AXI_inst/axi_awready_i_1_n_0                                                                       |                1 |              8 |
|  design_1_i/processing_system7_0/inst/FCLK_CLK0                              | design_1_i/mem_control_0/inst/mem_control_v1_0_S00_AXI_inst/slv_reg3[15]_i_1_n_0                                                                               | design_1_i/mem_control_0/inst/mem_control_v1_0_S00_AXI_inst/axi_awready_i_1_n_0                                                                       |                1 |              8 |
|  design_1_i/processing_system7_0/inst/FCLK_CLK0                              | design_1_i/mem_control_0/inst/mem_control_v1_0_S00_AXI_inst/slv_reg3[31]_i_1_n_0                                                                               | design_1_i/mem_control_0/inst/mem_control_v1_0_S00_AXI_inst/axi_awready_i_1_n_0                                                                       |                1 |              8 |
|  design_1_i/processing_system7_0/inst/FCLK_CLK0                              | design_1_i/mem_control_0/inst/mem_control_v1_0_S00_AXI_inst/slv_reg2[15]_i_1_n_0                                                                               | design_1_i/mem_control_0/inst/mem_control_v1_0_S00_AXI_inst/axi_awready_i_1_n_0                                                                       |                1 |              8 |
|  design_1_i/processing_system7_0/inst/FCLK_CLK0                              |                                                                                                                                                                | design_1_i/ps7_0_axi_periph/s00_couplers/auto_pc/inst/gen_axilite.gen_b2s_conv.axilite_b2s/areset_d1                                                  |                4 |             10 |
|  design_1_i/processing_system7_0/inst/FCLK_CLK0                              |                                                                                                                                                                | design_1_i/mem_control_0/inst/mem_control_v1_0_S00_AXI_inst/axi_awready_i_1_n_0                                                                       |                6 |             12 |
|  design_1_i/processing_system7_0/inst/FCLK_CLK0                              | design_1_i/ps7_0_axi_periph/s00_couplers/auto_pc/inst/gen_axilite.gen_b2s_conv.axilite_b2s/RD.ar_channel_0/ar_cmd_fsm_0/m_valid_i_reg                          |                                                                                                                                                       |                7 |             13 |
|  design_1_i/processing_system7_0/inst/FCLK_CLK0                              | design_1_i/ps7_0_axi_periph/s00_couplers/auto_pc/inst/gen_axilite.gen_b2s_conv.axilite_b2s/RD.r_channel_0/r_push_r                                             |                                                                                                                                                       |                4 |             13 |
|  design_1_i/processing_system7_0/inst/FCLK_CLK0                              | design_1_i/ps7_0_axi_periph/s00_couplers/auto_pc/inst/gen_axilite.gen_b2s_conv.axilite_b2s/SI_REG/b.b_pipe/p_1_in                                              |                                                                                                                                                       |                2 |             14 |
|  design_1_i/processing_system7_0/inst/FCLK_CLK0                              | design_1_i/ps7_0_axi_periph/s00_couplers/auto_pc/inst/gen_axilite.gen_b2s_conv.axilite_b2s/SI_REG/b.b_pipe/s_ready_i_reg_0                                     |                                                                                                                                                       |                3 |             14 |
|  design_1_i/processing_system7_0/inst/FCLK_CLK0                              | design_1_i/ps7_0_axi_periph/s00_couplers/auto_pc/inst/gen_axilite.gen_b2s_conv.axilite_b2s/WR.aw_channel_0/aw_cmd_fsm_0/b_push                                 |                                                                                                                                                       |                3 |             16 |
|  design_1_i/processing_system7_0/inst/FCLK_CLK0                              | design_1_i/ps7_0_axi_periph/s00_couplers/auto_pc/inst/gen_axilite.gen_b2s_conv.axilite_b2s/WR.aw_channel_0/aw_cmd_fsm_0/m_axi_awready_1                        |                                                                                                                                                       |                8 |             17 |
|  design_1_i/processing_system7_0/inst/FCLK_CLK0                              | design_1_i/ps7_0_axi_periph/s00_couplers/auto_pc/inst/gen_axilite.gen_b2s_conv.axilite_b2s/SI_REG/aw.aw_pipe/s_ready_i_reg_0                                   |                                                                                                                                                       |                5 |             27 |
|  design_1_i/processing_system7_0/inst/FCLK_CLK0                              | design_1_i/ps7_0_axi_periph/s00_couplers/auto_pc/inst/gen_axilite.gen_b2s_conv.axilite_b2s/SI_REG/ar.ar_pipe/s_ready_i_reg_0                                   |                                                                                                                                                       |                6 |             27 |
|  design_1_i/processing_system7_0/inst/FCLK_CLK0                              | design_1_i/ps7_0_axi_periph/s00_couplers/auto_pc/inst/gen_axilite.gen_b2s_conv.axilite_b2s/WR.aw_channel_0/aw_cmd_fsm_0/m_valid_i_reg[0]                       |                                                                                                                                                       |                5 |             27 |
|  design_1_i/processing_system7_0/inst/FCLK_CLK0                              | design_1_i/ps7_0_axi_periph/s00_couplers/auto_pc/inst/gen_axilite.gen_b2s_conv.axilite_b2s/RD.ar_channel_0/ar_cmd_fsm_0/FSM_sequential_state_reg[1]_0[0]       |                                                                                                                                                       |                5 |             27 |
|  design_1_i/processing_system7_0/inst/FCLK_CLK0                              | design_1_i/ps7_0_axi_periph/s00_couplers/auto_pc/inst/gen_axilite.gen_b2s_conv.axilite_b2s/RD.r_channel_0/rd_data_fifo_0/wr_en0                                |                                                                                                                                                       |                8 |             32 |
|  design_1_i/processing_system7_0/inst/FCLK_CLK0                              | design_1_i/processor_0/inst/b4                                                                                                                                 | design_1_i/processor_0/inst/w_en_i_2_n_0                                                                                                              |                6 |             32 |
|  design_1_i/processing_system7_0/inst/FCLK_CLK0                              | design_1_i/mem_control_0/inst/mem_control_v1_0_S00_AXI_inst/slv_reg_rden__0                                                                                    | design_1_i/mem_control_0/inst/mem_control_v1_0_S00_AXI_inst/axi_awready_i_1_n_0                                                                       |               13 |             32 |
|  design_1_i/processing_system7_0/inst/FCLK_CLK0                              | design_1_i/processor_0/inst/out_data[31]_i_1_n_0                                                                                                               | design_1_i/processor_0/inst/w_en_i_2_n_0                                                                                                              |               17 |             32 |
|  design_1_i/processing_system7_0/inst/FCLK_CLK0                              | design_1_i/ps7_0_axi_periph/s00_couplers/auto_pc/inst/gen_axilite.gen_b2s_conv.axilite_b2s/SI_REG/r.r_pipe/p_1_in                                              |                                                                                                                                                       |                7 |             45 |
|  design_1_i/processing_system7_0/inst/FCLK_CLK0                              | design_1_i/ps7_0_axi_periph/s00_couplers/auto_pc/inst/gen_axilite.gen_b2s_conv.axilite_b2s/SI_REG/r.r_pipe/s_ready_i_reg_0                                     |                                                                                                                                                       |                8 |             45 |
|  design_1_i/processing_system7_0/inst/FCLK_CLK0                              |                                                                                                                                                                |                                                                                                                                                       |               35 |            110 |
+------------------------------------------------------------------------------+----------------------------------------------------------------------------------------------------------------------------------------------------------------+-------------------------------------------------------------------------------------------------------------------------------------------------------+------------------+----------------+


