Copyright 1986-2019 Xilinx, Inc. All Rights Reserved.
------------------------------------------------------------------------------------
| Tool Version : Vivado v.2019.1 (win64) Build 2552052 Fri May 24 14:49:42 MDT 2019
| Date         : Sat Jan  4 23:25:23 2020
| Host         : LAPTOP-2DFO2ARR running 64-bit major release  (build 9200)
| Command      : upgrade_ip
| Device       : xc7z020clg400-1
------------------------------------------------------------------------------------

Upgrade Log for IP 'design_1_AES_system_0_0'

1. Summary
----------

SUCCESS in the upgrade of design_1_AES_system_0_0 (xilinx.com:user:AES_system:1.0) from (Rev. 4) to (Rev. 5)






Copyright 1986-2019 Xilinx, Inc. All Rights Reserved.
------------------------------------------------------------------------------------
| Tool Version : Vivado v.2019.1 (win64) Build 2552052 Fri May 24 14:49:42 MDT 2019
| Date         : Sat Jan  4 23:08:23 2020
| Host         : LAPTOP-2DFO2ARR running 64-bit major release  (build 9200)
| Command      : upgrade_ip
| Device       : xc7z020clg400-1
------------------------------------------------------------------------------------

Upgrade Log for IP 'design_1_AES_system_0_0'

1. Summary
----------

SUCCESS in the upgrade of design_1_AES_system_0_0 (xilinx.com:user:AES_system:1.0) from (Rev. 3) to (Rev. 4)






Copyright 1986-2019 Xilinx, Inc. All Rights Reserved.
------------------------------------------------------------------------------------
| Tool Version : Vivado v.2019.1 (win64) Build 2552052 Fri May 24 14:49:42 MDT 2019
| Date         : Sat Jan  4 15:12:37 2020
| Host         : LAPTOP-2DFO2ARR running 64-bit major release  (build 9200)
| Command      : upgrade_ip
| Device       : xc7z020clg400-1
------------------------------------------------------------------------------------

Upgrade Log for IP 'design_1_AES_system_0_0'

1. Summary
----------

SUCCESS in the upgrade of design_1_AES_system_0_0 (xilinx.com:user:AES_system:1.0) from (Rev. 2) to (Rev. 3)

